[  0%] Built target std_msgs_generate_messages_py
[  0%] Built target nav_msgs_generate_messages_py
[  0%] Built target roscpp_generate_messages_py
[  0%] Built target geometry_msgs_generate_messages_py
[  0%] Built target sensor_msgs_generate_messages_py
[  0%] Built target geometry_msgs_generate_messages_cpp
[  0%] Built target roscpp_generate_messages_cpp
[  0%] Built target std_msgs_generate_messages_cpp
[  0%] Built target sensor_msgs_generate_messages_cpp
[  0%] Built target nav_msgs_generate_messages_cpp
[  0%] Built target geometry_msgs_generate_messages_eus
[  0%] Built target std_msgs_generate_messages_eus
[  0%] Built target roscpp_generate_messages_eus
[  0%] Built target sensor_msgs_generate_messages_eus
[  0%] Built target nav_msgs_generate_messages_eus
[  0%] Built target nav_msgs_generate_messages_lisp
[  0%] Built target roscpp_generate_messages_lisp
[  0%] Built target geometry_msgs_generate_messages_lisp
[  0%] Built target std_msgs_generate_messages_lisp
[  0%] Built target sensor_msgs_generate_messages_lisp
[  0%] Built target _custom_msgs_generate_messages_check_deps_FlatTarget
[  0%] Built target _custom_msgs_generate_messages_check_deps_depthRecog
[  0%] Built target geometry_msgs_generate_messages_nodejs
[  0%] Built target _custom_msgs_generate_messages_check_deps_ImgRecog
[  0%] Built target _custom_msgs_generate_messages_check_deps_ParkingRecog
[  0%] Built target nav_msgs_generate_messages_nodejs
[  0%] Built target std_msgs_generate_messages_nodejs
[  0%] Built target _custom_msgs_generate_messages_check_deps_CircleRecog
[  0%] Built target _custom_msgs_generate_messages_check_deps_ControlCommand
[  0%] Built target _custom_msgs_generate_messages_check_deps_PurposeWp
[  0%] Built target sensor_msgs_generate_messages_nodejs
[  0%] Built target roscpp_generate_messages_nodejs
[ 24%] Built target custom_msgs_generate_messages_cpp
[ 54%] Built target custom_msgs_generate_messages_py
[ 81%] Built target custom_msgs_generate_messages_lisp
[ 81%] Built target custom_msgs_generate_messages_eus
[100%] Built target custom_msgs_generate_messages_nodejs
[100%] Built target custom_msgs_generate_messages
