[  0%] Built target geometry_msgs_generate_messages_py
[  0%] Built target std_msgs_generate_messages_py
[  0%] Built target nav_msgs_generate_messages_py
[  0%] Built target sensor_msgs_generate_messages_py
[  0%] Built target roscpp_generate_messages_py
[  0%] Built target _custom_msgs_generate_messages_check_deps_depthRecog
[  0%] Built target std_msgs_generate_messages_cpp
[  0%] Built target _custom_msgs_generate_messages_check_deps_ControlCommand
[  0%] Built target _custom_msgs_generate_messages_check_deps_FlatTarget
[  0%] Built target geometry_msgs_generate_messages_cpp
[  0%] Built target nav_msgs_generate_messages_cpp
[  0%] Built target _custom_msgs_generate_messages_check_deps_CircleRecog
[  0%] Built target roscpp_generate_messages_cpp
[  0%] Built target sensor_msgs_generate_messages_cpp
[  0%] Built target _custom_msgs_generate_messages_check_deps_ParkingRecog
[  0%] Built target _custom_msgs_generate_messages_check_deps_ImgRecog
[  0%] Built target nav_msgs_generate_messages_eus
[  0%] Built target geometry_msgs_generate_messages_lisp
[  0%] Built target roscpp_generate_messages_eus
[  0%] Built target geometry_msgs_generate_messages_eus
[  0%] Built target nav_msgs_generate_messages_lisp
[  0%] Built target sensor_msgs_generate_messages_eus
[  0%] Built target std_msgs_generate_messages_eus
[  0%] Built target sensor_msgs_generate_messages_lisp
[  0%] Built target _custom_msgs_generate_messages_check_deps_PurposeWp
[  0%] Built target std_msgs_generate_messages_lisp
[  0%] Built target roscpp_generate_messages_lisp
[  0%] Built target nav_msgs_generate_messages_nodejs
[  0%] Built target geometry_msgs_generate_messages_nodejs
[  0%] Built target sensor_msgs_generate_messages_nodejs
[  5%] [34m[1mGenerating C++ code from custom_msgs/CircleRecog.msg[0m
[  5%] [34m[1mGenerating Python from MSG custom_msgs/CircleRecog[0m
[  5%] Built target roscpp_generate_messages_nodejs
[  8%] [34m[1mGenerating Python from MSG custom_msgs/ControlCommand[0m
[ 10%] [34m[1mGenerating Python from MSG custom_msgs/FlatTarget[0m
[ 13%] [34m[1mGenerating C++ code from custom_msgs/FlatTarget.msg[0m
[ 16%] [34m[1mGenerating EusLisp code from custom_msgs/CircleRecog.msg[0m
[ 16%] Built target std_msgs_generate_messages_nodejs
[ 18%] [34m[1mGenerating C++ code from custom_msgs/ControlCommand.msg[0m
[ 21%] [34m[1mGenerating C++ code from custom_msgs/ImgRecog.msg[0m
[ 27%] [34m[1mGenerating Python from MSG custom_msgs/ImgRecog[0m
[ 24%] [34m[1mGenerating EusLisp code from custom_msgs/ControlCommand.msg[0m
[ 29%] [34m[1mGenerating C++ code from custom_msgs/ParkingRecog.msg[0m
[ 32%] [34m[1mGenerating Lisp code from custom_msgs/CircleRecog.msg[0m
[ 35%] [34m[1mGenerating Lisp code from custom_msgs/ControlCommand.msg[0m
[ 37%] [34m[1mGenerating C++ code from custom_msgs/PurposeWp.msg[0m
[ 40%] [34m[1mGenerating EusLisp code from custom_msgs/FlatTarget.msg[0m
[ 43%] [34m[1mGenerating Python from MSG custom_msgs/ParkingRecog[0m
[ 45%] [34m[1mGenerating Lisp code from custom_msgs/FlatTarget.msg[0m
[ 48%] [34m[1mGenerating C++ code from custom_msgs/depthRecog.msg[0m
[ 51%] [34m[1mGenerating Lisp code from custom_msgs/ImgRecog.msg[0m
[ 54%] [34m[1mGenerating Python from MSG custom_msgs/PurposeWp[0m
[ 56%] [34m[1mGenerating Lisp code from custom_msgs/ParkingRecog.msg[0m
[ 59%] [34m[1mGenerating Python from MSG custom_msgs/depthRecog[0m
[ 62%] [34m[1mGenerating Lisp code from custom_msgs/PurposeWp.msg[0m
[ 64%] [34m[1mGenerating Lisp code from custom_msgs/depthRecog.msg[0m
[ 67%] [34m[1mGenerating EusLisp code from custom_msgs/ParkingRecog.msg[0m
[ 70%] [34m[1mGenerating EusLisp code from custom_msgs/ImgRecog.msg[0m
[ 72%] [34m[1mGenerating Javascript code from custom_msgs/CircleRecog.msg[0m
[ 75%] [34m[1mGenerating Javascript code from custom_msgs/ControlCommand.msg[0m
[ 78%] [34m[1mGenerating Javascript code from custom_msgs/FlatTarget.msg[0m
[ 81%] [34m[1mGenerating EusLisp code from custom_msgs/PurposeWp.msg[0m
[ 83%] [34m[1mGenerating EusLisp code from custom_msgs/depthRecog.msg[0m
[ 83%] Built target custom_msgs_generate_messages_lisp
[ 86%] [34m[1mGenerating EusLisp manifest code for custom_msgs[0m
[ 89%] [34m[1mGenerating Javascript code from custom_msgs/ImgRecog.msg[0m
[ 91%] [34m[1mGenerating Javascript code from custom_msgs/ParkingRecog.msg[0m
[ 94%] [34m[1mGenerating Javascript code from custom_msgs/PurposeWp.msg[0m
[ 97%] [34m[1mGenerating Javascript code from custom_msgs/depthRecog.msg[0m
[ 97%] Built target custom_msgs_generate_messages_cpp
[ 97%] Built target custom_msgs_generate_messages_nodejs
[100%] [34m[1mGenerating Python msg __init__.py for custom_msgs[0m
[100%] Built target custom_msgs_generate_messages_py
[100%] Built target custom_msgs_generate_messages_eus
[100%] Built target custom_msgs_generate_messages
