Performing C SOURCE FILE Test CMAKE_HAVE_LIBC_PTHREAD failed with the following output:
Change Dir: /home/zyh/ibvs_nmpc_ws/build/ibvs_pkg/CMakeFiles/CMakeScratch/TryCompile-lnB0HM

Run Build Command(s):/usr/bin/make -f Makefile cmTC_a8111/fast && /usr/bin/make  -f CMakeFiles/cmTC_a8111.dir/build.make CMakeFiles/cmTC_a8111.dir/build
make[1]: 进入目录“/home/zyh/ibvs_nmpc_ws/build/ibvs_pkg/CMakeFiles/CMakeScratch/TryCompile-lnB0HM”
Building C object CMakeFiles/cmTC_a8111.dir/src.c.o
/usr/bin/cc -DCMAKE_HAVE_LIBC_PTHREAD   -o CMakeFiles/cmTC_a8111.dir/src.c.o -c /home/zyh/ibvs_nmpc_ws/build/ibvs_pkg/CMakeFiles/CMakeScratch/TryCompile-lnB0HM/src.c
Linking C executable cmTC_a8111
/home/zyh/.local/lib/python3.8/site-packages/cmake/data/bin/cmake -E cmake_link_script CMakeFiles/cmTC_a8111.dir/link.txt --verbose=1
/usr/bin/cc -rdynamic CMakeFiles/cmTC_a8111.dir/src.c.o -o cmTC_a8111 
/usr/bin/ld: CMakeFiles/cmTC_a8111.dir/src.c.o: in function `main':
src.c:(.text+0x46): undefined reference to `pthread_create'
/usr/bin/ld: src.c:(.text+0x52): undefined reference to `pthread_detach'
/usr/bin/ld: src.c:(.text+0x5e): undefined reference to `pthread_cancel'
/usr/bin/ld: src.c:(.text+0x6f): undefined reference to `pthread_join'
collect2: error: ld returned 1 exit status
make[1]: *** [CMakeFiles/cmTC_a8111.dir/build.make:99：cmTC_a8111] 错误 1
make[1]: 离开目录“/home/zyh/ibvs_nmpc_ws/build/ibvs_pkg/CMakeFiles/CMakeScratch/TryCompile-lnB0HM”
make: *** [Makefile:127：cmTC_a8111/fast] 错误 2


Source file was:
#include <pthread.h>

static void* test_func(void* data)
{
  return data;
}

int main(void)
{
  pthread_t thread;
  pthread_create(&thread, NULL, test_func, NULL);
  pthread_detach(thread);
  pthread_cancel(thread);
  pthread_join(thread, NULL);
  pthread_atfork(NULL, NULL, NULL);
  pthread_exit(NULL);

  return 0;
}


Determining if the function pthread_create exists in the pthreads failed with the following output:
Change Dir: /home/zyh/ibvs_nmpc_ws/build/ibvs_pkg/CMakeFiles/CMakeScratch/TryCompile-m49JiM

Run Build Command(s):/usr/bin/make -f Makefile cmTC_7fd35/fast && /usr/bin/make  -f CMakeFiles/cmTC_7fd35.dir/build.make CMakeFiles/cmTC_7fd35.dir/build
make[1]: 进入目录“/home/zyh/ibvs_nmpc_ws/build/ibvs_pkg/CMakeFiles/CMakeScratch/TryCompile-m49JiM”
Building C object CMakeFiles/cmTC_7fd35.dir/CheckFunctionExists.c.o
/usr/bin/cc   -DCHECK_FUNCTION_EXISTS=pthread_create -o CMakeFiles/cmTC_7fd35.dir/CheckFunctionExists.c.o -c /home/zyh/ibvs_nmpc_ws/build/ibvs_pkg/CMakeFiles/CMakeScratch/TryCompile-m49JiM/CheckFunctionExists.c
Linking C executable cmTC_7fd35
/home/zyh/.local/lib/python3.8/site-packages/cmake/data/bin/cmake -E cmake_link_script CMakeFiles/cmTC_7fd35.dir/link.txt --verbose=1
/usr/bin/cc  -DCHECK_FUNCTION_EXISTS=pthread_create -rdynamic CMakeFiles/cmTC_7fd35.dir/CheckFunctionExists.c.o -o cmTC_7fd35  -lpthreads 
/usr/bin/ld: 找不到 -lpthreads
collect2: error: ld returned 1 exit status
make[1]: *** [CMakeFiles/cmTC_7fd35.dir/build.make:99：cmTC_7fd35] 错误 1
make[1]: 离开目录“/home/zyh/ibvs_nmpc_ws/build/ibvs_pkg/CMakeFiles/CMakeScratch/TryCompile-m49JiM”
make: *** [Makefile:127：cmTC_7fd35/fast] 错误 2



