Performing C SOURCE FILE Test CMAKE_HAVE_LIBC_PTHREAD failed with the following output:
Change Dir: /home/zyh/ibvs_nmpc_ws/build/geometric_controller/CMakeFiles/CMakeScratch/TryCompile-usCIHh

Run Build Command(s):/usr/bin/make -f Makefile cmTC_15ecc/fast && /usr/bin/make  -f CMakeFiles/cmTC_15ecc.dir/build.make CMakeFiles/cmTC_15ecc.dir/build
make[1]: 进入目录“/home/zyh/ibvs_nmpc_ws/build/geometric_controller/CMakeFiles/CMakeScratch/TryCompile-usCIHh”
Building C object CMakeFiles/cmTC_15ecc.dir/src.c.o
/usr/bin/cc -DCMAKE_HAVE_LIBC_PTHREAD   -o CMakeFiles/cmTC_15ecc.dir/src.c.o -c /home/zyh/ibvs_nmpc_ws/build/geometric_controller/CMakeFiles/CMakeScratch/TryCompile-usCIHh/src.c
Linking C executable cmTC_15ecc
/home/zyh/.local/lib/python3.8/site-packages/cmake/data/bin/cmake -E cmake_link_script CMakeFiles/cmTC_15ecc.dir/link.txt --verbose=1
/usr/bin/cc -rdynamic CMakeFiles/cmTC_15ecc.dir/src.c.o -o cmTC_15ecc 
/usr/bin/ld: CMakeFiles/cmTC_15ecc.dir/src.c.o: in function `main':
src.c:(.text+0x46): undefined reference to `pthread_create'
/usr/bin/ld: src.c:(.text+0x52): undefined reference to `pthread_detach'
/usr/bin/ld: src.c:(.text+0x5e): undefined reference to `pthread_cancel'
/usr/bin/ld: src.c:(.text+0x6f): undefined reference to `pthread_join'
collect2: error: ld returned 1 exit status
make[1]: *** [CMakeFiles/cmTC_15ecc.dir/build.make:99：cmTC_15ecc] 错误 1
make[1]: 离开目录“/home/zyh/ibvs_nmpc_ws/build/geometric_controller/CMakeFiles/CMakeScratch/TryCompile-usCIHh”
make: *** [Makefile:127：cmTC_15ecc/fast] 错误 2


Source file was:
#include <pthread.h>

static void* test_func(void* data)
{
  return data;
}

int main(void)
{
  pthread_t thread;
  pthread_create(&thread, NULL, test_func, NULL);
  pthread_detach(thread);
  pthread_cancel(thread);
  pthread_join(thread, NULL);
  pthread_atfork(NULL, NULL, NULL);
  pthread_exit(NULL);

  return 0;
}


Determining if the function pthread_create exists in the pthreads failed with the following output:
Change Dir: /home/zyh/ibvs_nmpc_ws/build/geometric_controller/CMakeFiles/CMakeScratch/TryCompile-72Ymgh

Run Build Command(s):/usr/bin/make -f Makefile cmTC_2a4f6/fast && /usr/bin/make  -f CMakeFiles/cmTC_2a4f6.dir/build.make CMakeFiles/cmTC_2a4f6.dir/build
make[1]: 进入目录“/home/zyh/ibvs_nmpc_ws/build/geometric_controller/CMakeFiles/CMakeScratch/TryCompile-72Ymgh”
Building C object CMakeFiles/cmTC_2a4f6.dir/CheckFunctionExists.c.o
/usr/bin/cc   -DCHECK_FUNCTION_EXISTS=pthread_create -o CMakeFiles/cmTC_2a4f6.dir/CheckFunctionExists.c.o -c /home/zyh/ibvs_nmpc_ws/build/geometric_controller/CMakeFiles/CMakeScratch/TryCompile-72Ymgh/CheckFunctionExists.c
Linking C executable cmTC_2a4f6
/home/zyh/.local/lib/python3.8/site-packages/cmake/data/bin/cmake -E cmake_link_script CMakeFiles/cmTC_2a4f6.dir/link.txt --verbose=1
/usr/bin/cc  -DCHECK_FUNCTION_EXISTS=pthread_create -rdynamic CMakeFiles/cmTC_2a4f6.dir/CheckFunctionExists.c.o -o cmTC_2a4f6  -lpthreads 
/usr/bin/ld: 找不到 -lpthreads
collect2: error: ld returned 1 exit status
make[1]: *** [CMakeFiles/cmTC_2a4f6.dir/build.make:99：cmTC_2a4f6] 错误 1
make[1]: 离开目录“/home/zyh/ibvs_nmpc_ws/build/geometric_controller/CMakeFiles/CMakeScratch/TryCompile-72Ymgh”
make: *** [Makefile:127：cmTC_2a4f6/fast] 错误 2



