Performing C SOURCE FILE Test CMAKE_HAVE_LIBC_PTHREAD failed with the following output:
Change Dir: /home/zyh/ibvs_nmpc_ws/build/mav_system_msgs/CMakeFiles/CMakeScratch/TryCompile-yxGM2m

Run Build Command(s):/usr/bin/make -f Makefile cmTC_90f96/fast && /usr/bin/make  -f CMakeFiles/cmTC_90f96.dir/build.make CMakeFiles/cmTC_90f96.dir/build
make[1]: 进入目录“/home/zyh/ibvs_nmpc_ws/build/mav_system_msgs/CMakeFiles/CMakeScratch/TryCompile-yxGM2m”
Building C object CMakeFiles/cmTC_90f96.dir/src.c.o
/usr/bin/cc -DCMAKE_HAVE_LIBC_PTHREAD   -o CMakeFiles/cmTC_90f96.dir/src.c.o -c /home/zyh/ibvs_nmpc_ws/build/mav_system_msgs/CMakeFiles/CMakeScratch/TryCompile-yxGM2m/src.c
Linking C executable cmTC_90f96
/home/zyh/.local/lib/python3.8/site-packages/cmake/data/bin/cmake -E cmake_link_script CMakeFiles/cmTC_90f96.dir/link.txt --verbose=1
/usr/bin/cc -rdynamic CMakeFiles/cmTC_90f96.dir/src.c.o -o cmTC_90f96 
/usr/bin/ld: CMakeFiles/cmTC_90f96.dir/src.c.o: in function `main':
src.c:(.text+0x46): undefined reference to `pthread_create'
/usr/bin/ld: src.c:(.text+0x52): undefined reference to `pthread_detach'
/usr/bin/ld: src.c:(.text+0x5e): undefined reference to `pthread_cancel'
/usr/bin/ld: src.c:(.text+0x6f): undefined reference to `pthread_join'
collect2: error: ld returned 1 exit status
make[1]: *** [CMakeFiles/cmTC_90f96.dir/build.make:99：cmTC_90f96] 错误 1
make[1]: 离开目录“/home/zyh/ibvs_nmpc_ws/build/mav_system_msgs/CMakeFiles/CMakeScratch/TryCompile-yxGM2m”
make: *** [Makefile:127：cmTC_90f96/fast] 错误 2


Source file was:
#include <pthread.h>

static void* test_func(void* data)
{
  return data;
}

int main(void)
{
  pthread_t thread;
  pthread_create(&thread, NULL, test_func, NULL);
  pthread_detach(thread);
  pthread_cancel(thread);
  pthread_join(thread, NULL);
  pthread_atfork(NULL, NULL, NULL);
  pthread_exit(NULL);

  return 0;
}


Determining if the function pthread_create exists in the pthreads failed with the following output:
Change Dir: /home/zyh/ibvs_nmpc_ws/build/mav_system_msgs/CMakeFiles/CMakeScratch/TryCompile-8SFmjn

Run Build Command(s):/usr/bin/make -f Makefile cmTC_aa4ae/fast && /usr/bin/make  -f CMakeFiles/cmTC_aa4ae.dir/build.make CMakeFiles/cmTC_aa4ae.dir/build
make[1]: 进入目录“/home/zyh/ibvs_nmpc_ws/build/mav_system_msgs/CMakeFiles/CMakeScratch/TryCompile-8SFmjn”
Building C object CMakeFiles/cmTC_aa4ae.dir/CheckFunctionExists.c.o
/usr/bin/cc   -DCHECK_FUNCTION_EXISTS=pthread_create -o CMakeFiles/cmTC_aa4ae.dir/CheckFunctionExists.c.o -c /home/zyh/ibvs_nmpc_ws/build/mav_system_msgs/CMakeFiles/CMakeScratch/TryCompile-8SFmjn/CheckFunctionExists.c
Linking C executable cmTC_aa4ae
/home/zyh/.local/lib/python3.8/site-packages/cmake/data/bin/cmake -E cmake_link_script CMakeFiles/cmTC_aa4ae.dir/link.txt --verbose=1
/usr/bin/cc  -DCHECK_FUNCTION_EXISTS=pthread_create -rdynamic CMakeFiles/cmTC_aa4ae.dir/CheckFunctionExists.c.o -o cmTC_aa4ae  -lpthreads 
/usr/bin/ld: 找不到 -lpthreads
collect2: error: ld returned 1 exit status
make[1]: *** [CMakeFiles/cmTC_aa4ae.dir/build.make:99：cmTC_aa4ae] 错误 1
make[1]: 离开目录“/home/zyh/ibvs_nmpc_ws/build/mav_system_msgs/CMakeFiles/CMakeScratch/TryCompile-8SFmjn”
make: *** [Makefile:127：cmTC_aa4ae/fast] 错误 2



