[  0%] Built target roscpp_generate_messages_cpp
[ 12%] Built target geometric_controller_gencfg
[ 12%] Built target roscpp_generate_messages_nodejs
[ 12%] Built target roscpp_generate_messages_lisp
[ 12%] Built target rosgraph_msgs_generate_messages_cpp
[ 12%] Built target roscpp_generate_messages_py
[ 12%] Built target rosgraph_msgs_generate_messages_lisp
[ 12%] Built target roscpp_generate_messages_eus
[ 12%] Built target rosgraph_msgs_generate_messages_nodejs
[ 12%] Built target rosgraph_msgs_generate_messages_eus
[ 12%] Built target rosgraph_msgs_generate_messages_py
[ 12%] Built target std_msgs_generate_messages_cpp
[ 12%] Built target std_msgs_generate_messages_eus
[ 12%] Built target std_msgs_generate_messages_lisp
[ 12%] Built target std_msgs_generate_messages_py
[ 12%] Built target std_msgs_generate_messages_nodejs
[ 12%] Built target dynamic_reconfigure_generate_messages_eus
[ 12%] Built target dynamic_reconfigure_generate_messages_lisp
[ 12%] Built target dynamic_reconfigure_generate_messages_nodejs
[ 12%] Built target dynamic_reconfigure_generate_messages_cpp
[ 12%] Built target dynamic_reconfigure_generate_messages_py
[ 12%] Built target tf_generate_messages_lisp
[ 12%] Built target tf_generate_messages_cpp
[ 12%] Built target tf_generate_messages_py
[ 12%] Built target tf_generate_messages_eus
[ 12%] Built target dynamic_reconfigure_gencfg
[ 12%] Built target geometry_msgs_generate_messages_cpp
[ 12%] Built target tf_generate_messages_nodejs
[ 12%] Built target geometry_msgs_generate_messages_eus
[ 12%] Built target geometry_msgs_generate_messages_lisp
[ 12%] Built target geometry_msgs_generate_messages_py
[ 12%] Built target sensor_msgs_generate_messages_cpp
[ 12%] Built target sensor_msgs_generate_messages_eus
[ 12%] Built target geometry_msgs_generate_messages_nodejs
[ 12%] Built target sensor_msgs_generate_messages_lisp
[ 12%] Built target sensor_msgs_generate_messages_nodejs
[ 12%] Built target actionlib_generate_messages_eus
[ 12%] Built target actionlib_generate_messages_lisp
[ 12%] Built target actionlib_generate_messages_cpp
[ 12%] Built target sensor_msgs_generate_messages_py
[ 12%] Built target actionlib_msgs_generate_messages_cpp
[ 12%] Built target actionlib_msgs_generate_messages_nodejs
[ 12%] Built target actionlib_msgs_generate_messages_eus
[ 12%] Built target actionlib_generate_messages_py
[ 12%] Built target actionlib_msgs_generate_messages_lisp
[ 12%] Built target actionlib_msgs_generate_messages_py
[ 12%] Built target tf2_msgs_generate_messages_eus
[ 12%] Built target tf2_msgs_generate_messages_cpp
[ 12%] Built target actionlib_generate_messages_nodejs
[ 12%] Built target tf2_msgs_generate_messages_py
[ 12%] Built target tf2_msgs_generate_messages_lisp
[ 12%] Built target tf2_msgs_generate_messages_nodejs
[ 12%] Built target diagnostic_msgs_generate_messages_cpp
[ 12%] Built target diagnostic_msgs_generate_messages_eus
[ 12%] Built target diagnostic_msgs_generate_messages_lisp
[ 12%] Built target diagnostic_msgs_generate_messages_nodejs
[ 12%] Built target diagnostic_msgs_generate_messages_py
[ 12%] Built target geographic_msgs_generate_messages_cpp
[ 12%] Built target geographic_msgs_generate_messages_eus
[ 12%] Built target uuid_msgs_generate_messages_cpp
[ 12%] Built target geographic_msgs_generate_messages_py
[ 12%] Built target uuid_msgs_generate_messages_eus
[ 12%] Built target uuid_msgs_generate_messages_lisp
[ 12%] Built target geographic_msgs_generate_messages_nodejs
[ 12%] Built target geographic_msgs_generate_messages_lisp
[ 12%] Built target uuid_msgs_generate_messages_nodejs
[ 12%] Built target uuid_msgs_generate_messages_py
[ 12%] Built target mavros_msgs_generate_messages_cpp
[ 12%] Built target mavros_msgs_generate_messages_eus
[ 12%] Built target mavros_msgs_generate_messages_nodejs
[ 12%] Built target nav_msgs_generate_messages_cpp
[ 12%] Built target mavros_msgs_generate_messages_py
[ 12%] Built target nav_msgs_generate_messages_lisp
[ 12%] Built target mavros_msgs_generate_messages_lisp
[ 12%] Built target nav_msgs_generate_messages_nodejs
[ 12%] Built target nav_msgs_generate_messages_py
[ 12%] Built target trajectory_msgs_generate_messages_eus
[ 12%] Built target nav_msgs_generate_messages_eus
[ 12%] Built target trajectory_msgs_generate_messages_cpp
[ 12%] Built target trajectory_msgs_generate_messages_py
[ 12%] Built target visualization_msgs_generate_messages_cpp
[ 12%] Built target trajectory_msgs_generate_messages_nodejs
[ 12%] Built target visualization_msgs_generate_messages_eus
[ 12%] Built target trajectory_msgs_generate_messages_lisp
[ 12%] Built target visualization_msgs_generate_messages_lisp
[ 12%] Built target visualization_msgs_generate_messages_nodejs
[ 12%] Built target custom_msgs_generate_messages_eus
[ 12%] Built target visualization_msgs_generate_messages_py
[ 12%] Built target custom_msgs_generate_messages_cpp
[ 12%] Built target custom_msgs_generate_messages_nodejs
[ 12%] Built target custom_msgs_generate_messages_py
[ 12%] Built target custom_msgs_generate_messages_lisp
[ 25%] [32mBuilding CXX object CMakeFiles/geometric_controller.dir/src/geometric_controller.cpp.o[0m
[01m[K/home/zyh/ibvs_nmpc_ws/src/mavros_controllers/geometric_controller/src/geometric_controller.cpp:[m[K In member function ‘[01m[Kvoid geometricCtrl::feedCmdCallback(const ControlCommand&)[m[K’:
[01m[K/home/zyh/ibvs_nmpc_ws/src/mavros_controllers/geometric_controller/src/geometric_controller.cpp:134:21:[m[K [01;31m[Kerror: [m[Kbase operand of ‘[01m[K->[m[K’ has non-pointer type ‘[01m[Kconst ControlCommand[m[K’ {aka ‘[01m[Kconst custom_msgs::ControlCommand_<std::allocator<void> >[m[K’}
  134 |   feed_cmd_(0) = msg[01;31m[K->[m[Kbodyrates.x();
      |                     [01;31m[K^~[m[K
[01m[K/home/zyh/ibvs_nmpc_ws/src/mavros_controllers/geometric_controller/src/geometric_controller.cpp:135:21:[m[K [01;31m[Kerror: [m[Kbase operand of ‘[01m[K->[m[K’ has non-pointer type ‘[01m[Kconst ControlCommand[m[K’ {aka ‘[01m[Kconst custom_msgs::ControlCommand_<std::allocator<void> >[m[K’}
  135 |   feed_cmd_(1) = msg[01;31m[K->[m[Kbodyrates.y();
      |                     [01;31m[K^~[m[K
[01m[K/home/zyh/ibvs_nmpc_ws/src/mavros_controllers/geometric_controller/src/geometric_controller.cpp:136:21:[m[K [01;31m[Kerror: [m[Kbase operand of ‘[01m[K->[m[K’ has non-pointer type ‘[01m[Kconst ControlCommand[m[K’ {aka ‘[01m[Kconst custom_msgs::ControlCommand_<std::allocator<void> >[m[K’}
  136 |   feed_cmd_(2) = msg[01;31m[K->[m[Kbodyrates.z();
      |                     [01;31m[K^~[m[K
[01m[K/home/zyh/ibvs_nmpc_ws/src/mavros_controllers/geometric_controller/src/geometric_controller.cpp:137:70:[m[K [01;31m[Kerror: [m[Kbase operand of ‘[01m[K->[m[K’ has non-pointer type ‘[01m[Kconst ControlCommand[m[K’ {aka ‘[01m[Kconst custom_msgs::ControlCommand_<std::allocator<void> >[m[K’}
  137 |   feed_cmd_(3) = std::max(0.0, std::min(1.0, norm_thrust_const_ * msg[01;31m[K->[m[Kcollective_thrust +
      |                                                                      [01;31m[K^~[m[K
make[2]: *** [CMakeFiles/geometric_controller.dir/build.make:76：CMakeFiles/geometric_controller.dir/src/geometric_controller.cpp.o] 错误 1
make[1]: *** [CMakeFiles/Makefile2:2854：CMakeFiles/geometric_controller.dir/all] 错误 2
make: *** [Makefile:146：all] 错误 2
