[  0%] Built target roscpp_generate_messages_eus
[  0%] Built target roscpp_generate_messages_cpp
[ 12%] Built target roscpp_generate_messages_py
[ 12%] Built target geometric_controller_gencfg
[ 12%] Built target rosgraph_msgs_generate_messages_cpp
[ 12%] Built target roscpp_generate_messages_lisp
[ 12%] Built target rosgraph_msgs_generate_messages_eus
[ 12%] Built target rosgraph_msgs_generate_messages_lisp
[ 12%] Built target rosgraph_msgs_generate_messages_nodejs
[ 12%] Built target rosgraph_msgs_generate_messages_py
[ 12%] Built target std_msgs_generate_messages_cpp
[ 12%] Built target roscpp_generate_messages_nodejs
[ 12%] Built target std_msgs_generate_messages_py
[ 12%] Built target std_msgs_generate_messages_nodejs
[ 12%] Built target std_msgs_generate_messages_lisp
[ 12%] Built target dynamic_reconfigure_generate_messages_eus
[ 12%] Built target dynamic_reconfigure_generate_messages_lisp
[ 12%] Built target std_msgs_generate_messages_eus
[ 12%] Built target dynamic_reconfigure_generate_messages_py
[ 12%] Built target dynamic_reconfigure_gencfg
[ 12%] Built target tf_generate_messages_eus
[ 12%] Built target tf_generate_messages_cpp
[ 12%] Built target dynamic_reconfigure_generate_messages_cpp
[ 12%] Built target dynamic_reconfigure_generate_messages_nodejs
[ 12%] Built target tf_generate_messages_lisp
[ 12%] Built target tf_generate_messages_nodejs
[ 12%] Built target geometry_msgs_generate_messages_cpp
[ 12%] Built target geometry_msgs_generate_messages_lisp
[ 12%] Built target geometry_msgs_generate_messages_eus
[ 12%] Built target geometry_msgs_generate_messages_py
[ 12%] Built target tf_generate_messages_py
[ 12%] Built target geometry_msgs_generate_messages_nodejs
[ 12%] Built target sensor_msgs_generate_messages_cpp
[ 12%] Built target sensor_msgs_generate_messages_eus
[ 12%] Built target sensor_msgs_generate_messages_lisp
[ 12%] Built target sensor_msgs_generate_messages_nodejs
[ 12%] Built target actionlib_generate_messages_cpp
[ 12%] Built target sensor_msgs_generate_messages_py
[ 12%] Built target actionlib_generate_messages_eus
[ 12%] Built target actionlib_generate_messages_nodejs
[ 12%] Built target actionlib_msgs_generate_messages_cpp
[ 12%] Built target actionlib_generate_messages_py
[ 12%] Built target actionlib_generate_messages_lisp
[ 12%] Built target actionlib_msgs_generate_messages_eus
[ 12%] Built target actionlib_msgs_generate_messages_nodejs
[ 12%] Built target actionlib_msgs_generate_messages_py
[ 12%] Built target actionlib_msgs_generate_messages_lisp
[ 12%] Built target tf2_msgs_generate_messages_cpp
[ 12%] Built target tf2_msgs_generate_messages_eus
[ 12%] Built target tf2_msgs_generate_messages_nodejs
[ 12%] Built target tf2_msgs_generate_messages_lisp
[ 12%] Built target tf2_msgs_generate_messages_py
[ 12%] Built target diagnostic_msgs_generate_messages_lisp
[ 12%] Built target diagnostic_msgs_generate_messages_nodejs
[ 12%] Built target diagnostic_msgs_generate_messages_eus
[ 12%] Built target diagnostic_msgs_generate_messages_py
[ 12%] Built target geographic_msgs_generate_messages_eus
[ 12%] Built target geographic_msgs_generate_messages_cpp
[ 12%] Built target diagnostic_msgs_generate_messages_cpp
[ 12%] Built target geographic_msgs_generate_messages_lisp
[ 12%] Built target geographic_msgs_generate_messages_nodejs
[ 12%] Built target geographic_msgs_generate_messages_py
[ 12%] Built target uuid_msgs_generate_messages_eus
[ 12%] Built target uuid_msgs_generate_messages_cpp
[ 12%] Built target uuid_msgs_generate_messages_lisp
[ 12%] Built target mavros_msgs_generate_messages_cpp
[ 12%] Built target mavros_msgs_generate_messages_eus
[ 12%] Built target uuid_msgs_generate_messages_nodejs
[ 12%] Built target uuid_msgs_generate_messages_py
[ 12%] Built target mavros_msgs_generate_messages_lisp
[ 12%] Built target mavros_msgs_generate_messages_py
[ 12%] Built target mavros_msgs_generate_messages_nodejs
[ 12%] Built target nav_msgs_generate_messages_cpp
[ 12%] Built target nav_msgs_generate_messages_nodejs
[ 12%] Built target trajectory_msgs_generate_messages_cpp
[ 12%] Built target trajectory_msgs_generate_messages_eus
[ 12%] Built target nav_msgs_generate_messages_lisp
[ 12%] Built target nav_msgs_generate_messages_eus
[ 12%] Built target trajectory_msgs_generate_messages_nodejs
[ 12%] Built target trajectory_msgs_generate_messages_lisp
[ 12%] Built target trajectory_msgs_generate_messages_py
[ 12%] Built target nav_msgs_generate_messages_py
[ 12%] Built target visualization_msgs_generate_messages_cpp
[ 12%] Built target visualization_msgs_generate_messages_lisp
[ 12%] Built target visualization_msgs_generate_messages_py
[ 12%] Built target custom_msgs_generate_messages_eus
[ 12%] Built target visualization_msgs_generate_messages_eus
[ 12%] Built target custom_msgs_generate_messages_nodejs
[ 12%] Built target custom_msgs_generate_messages_lisp
[ 12%] Built target visualization_msgs_generate_messages_nodejs
[ 12%] Built target custom_msgs_generate_messages_py
[ 12%] Built target custom_msgs_generate_messages_cpp
[ 25%] [32mBuilding CXX object CMakeFiles/geometric_controller.dir/src/geometric_controller.cpp.o[0m
[ 37%] [32mBuilding CXX object CMakeFiles/geometric_controller.dir/src/nonlinear_attitude_control.cpp.o[0m
[ 50%] [32mBuilding CXX object CMakeFiles/geometric_controller.dir/src/nonlinear_geometric_control.cpp.o[0m
[ 62%] [32mBuilding CXX object CMakeFiles/geometric_controller.dir/src/jerk_tracking_control.cpp.o[0m
[ 75%] [32m[1mLinking CXX shared library /home/zyh/ibvs_nmpc_ws/devel/lib/libgeometric_controller.so[0m
[ 75%] Built target geometric_controller
[ 87%] [32mBuilding CXX object CMakeFiles/geometric_controller_node.dir/src/geometric_controller_node.cpp.o[0m
[100%] [32m[1mLinking CXX executable /home/zyh/ibvs_nmpc_ws/devel/lib/geometric_controller/geometric_controller_node[0m
/usr/bin/ld: /home/zyh/ibvs_nmpc_ws/devel/lib/libgeometric_controller.so: undefined reference to `geometricCtrl::feedCmdCallback(geometry_msgs::TwistStamped_<std::allocator<void> > const&)'
collect2: error: ld returned 1 exit status
make[2]: *** [CMakeFiles/geometric_controller_node.dir/build.make:185：/home/zyh/ibvs_nmpc_ws/devel/lib/geometric_controller/geometric_controller_node] 错误 1
make[1]: *** [CMakeFiles/Makefile2:2972：CMakeFiles/geometric_controller_node.dir/all] 错误 2
make: *** [Makefile:146：all] 错误 2
