[  0%] Built target std_msgs_generate_messages_cpp
[  0%] Built target std_msgs_generate_messages_py
[  0%] Built target std_msgs_generate_messages_eus
[  0%] Built target std_msgs_generate_messages_lisp
[  0%] Built target std_msgs_generate_messages_nodejs
[  0%] Built target _ibvs_pkg_generate_messages_check_deps_point_xyz
[  0%] Built target _ibvs_pkg_generate_messages_check_deps_Marker
[  0%] Built target _ibvs_pkg_generate_messages_check_deps_xyzyawVel
[  8%] Built target ibvs_pkg_generate_messages_lisp
[ 19%] Built target ibvs_pkg_generate_messages_py
[ 27%] Built target ibvs_pkg_generate_messages_cpp
[ 38%] Built target ibvs_pkg_generate_messages_eus
[ 47%] Built target ibvs_pkg_generate_messages_nodejs
[ 50%] [32m[1mLinking CXX executable /home/zyh/ibvs_nmpc_ws/devel/lib/ibvs_pkg/ibvs_aruco[0m
[ 50%] Built target ibvs_pkg_generate_messages
[ 52%] [32mBuilding CXX object CMakeFiles/ibvs_circle.dir/src/ibvs_circle_node.cpp.o[0m
[ 55%] [32mBuilding CXX object CMakeFiles/ibvs_circle.dir/src/ibvs_circle.cpp.o[0m
[ 58%] [32mBuilding CXX object CMakeFiles/ibvs_circle.dir/src/circle_detection/CircleDetection.cpp.o[0m
[ 69%] Built target ibvs_aruco
[ 72%] [32m[1mLinking CXX executable /home/zyh/ibvs_nmpc_ws/devel/lib/ibvs_pkg/ibvs_circle[0m
[100%] Built target ibvs_circle
