Performing C SOURCE FILE Test CMAKE_HAVE_LIBC_PTHREAD failed with the following output:
Change Dir: /home/zyh/ibvs_nmpc_ws/build/mav_planning_msgs/CMakeFiles/CMakeScratch/TryCompile-xmVq9s

Run Build Command(s):/usr/bin/make -f Makefile cmTC_33895/fast && /usr/bin/make  -f CMakeFiles/cmTC_33895.dir/build.make CMakeFiles/cmTC_33895.dir/build
make[1]: 进入目录“/home/zyh/ibvs_nmpc_ws/build/mav_planning_msgs/CMakeFiles/CMakeScratch/TryCompile-xmVq9s”
Building C object CMakeFiles/cmTC_33895.dir/src.c.o
/usr/bin/cc -DCMAKE_HAVE_LIBC_PTHREAD   -o CMakeFiles/cmTC_33895.dir/src.c.o -c /home/zyh/ibvs_nmpc_ws/build/mav_planning_msgs/CMakeFiles/CMakeScratch/TryCompile-xmVq9s/src.c
Linking C executable cmTC_33895
/home/zyh/.local/lib/python3.8/site-packages/cmake/data/bin/cmake -E cmake_link_script CMakeFiles/cmTC_33895.dir/link.txt --verbose=1
/usr/bin/cc -rdynamic CMakeFiles/cmTC_33895.dir/src.c.o -o cmTC_33895 
/usr/bin/ld: CMakeFiles/cmTC_33895.dir/src.c.o: in function `main':
src.c:(.text+0x46): undefined reference to `pthread_create'
/usr/bin/ld: src.c:(.text+0x52): undefined reference to `pthread_detach'
/usr/bin/ld: src.c:(.text+0x5e): undefined reference to `pthread_cancel'
/usr/bin/ld: src.c:(.text+0x6f): undefined reference to `pthread_join'
collect2: error: ld returned 1 exit status
make[1]: *** [CMakeFiles/cmTC_33895.dir/build.make:99：cmTC_33895] 错误 1
make[1]: 离开目录“/home/zyh/ibvs_nmpc_ws/build/mav_planning_msgs/CMakeFiles/CMakeScratch/TryCompile-xmVq9s”
make: *** [Makefile:127：cmTC_33895/fast] 错误 2


Source file was:
#include <pthread.h>

static void* test_func(void* data)
{
  return data;
}

int main(void)
{
  pthread_t thread;
  pthread_create(&thread, NULL, test_func, NULL);
  pthread_detach(thread);
  pthread_cancel(thread);
  pthread_join(thread, NULL);
  pthread_atfork(NULL, NULL, NULL);
  pthread_exit(NULL);

  return 0;
}


Determining if the function pthread_create exists in the pthreads failed with the following output:
Change Dir: /home/zyh/ibvs_nmpc_ws/build/mav_planning_msgs/CMakeFiles/CMakeScratch/TryCompile-SZdXqv

Run Build Command(s):/usr/bin/make -f Makefile cmTC_4930f/fast && /usr/bin/make  -f CMakeFiles/cmTC_4930f.dir/build.make CMakeFiles/cmTC_4930f.dir/build
make[1]: 进入目录“/home/zyh/ibvs_nmpc_ws/build/mav_planning_msgs/CMakeFiles/CMakeScratch/TryCompile-SZdXqv”
Building C object CMakeFiles/cmTC_4930f.dir/CheckFunctionExists.c.o
/usr/bin/cc   -DCHECK_FUNCTION_EXISTS=pthread_create -o CMakeFiles/cmTC_4930f.dir/CheckFunctionExists.c.o -c /home/zyh/ibvs_nmpc_ws/build/mav_planning_msgs/CMakeFiles/CMakeScratch/TryCompile-SZdXqv/CheckFunctionExists.c
Linking C executable cmTC_4930f
/home/zyh/.local/lib/python3.8/site-packages/cmake/data/bin/cmake -E cmake_link_script CMakeFiles/cmTC_4930f.dir/link.txt --verbose=1
/usr/bin/cc  -DCHECK_FUNCTION_EXISTS=pthread_create -rdynamic CMakeFiles/cmTC_4930f.dir/CheckFunctionExists.c.o -o cmTC_4930f  -lpthreads 
/usr/bin/ld: 找不到 -lpthreads
collect2: error: ld returned 1 exit status
make[1]: *** [CMakeFiles/cmTC_4930f.dir/build.make:99：cmTC_4930f] 错误 1
make[1]: 离开目录“/home/zyh/ibvs_nmpc_ws/build/mav_planning_msgs/CMakeFiles/CMakeScratch/TryCompile-SZdXqv”
make: *** [Makefile:127：cmTC_4930f/fast] 错误 2



